<?xml version="1.0" encoding="UTF-8"?>
<testsuite name="com.project.demo.DemoApplicationTests" tests="1" skipped="0" failures="0" errors="0" timestamp="2025-07-03T03:52:14" hostname="JAVIER" time="0.371">
  <properties/>
  <testcase name="contextLoads()" classname="com.project.demo.DemoApplicationTests" time="0.371"/>
  <system-out><![CDATA[21:52:09.412 [Test worker] INFO org.springframework.test.context.support.AnnotationConfigContextLoaderUtils -- Could not detect default configuration classes for test class [com.project.demo.DemoApplicationTests]: DemoApplicationTests does not declare any static, non-private, non-final, nested classes annotated with @Configuration.
21:52:09.490 [Test worker] INFO org.springframework.boot.test.context.SpringBootTestContextBootstrapper -- Found @SpringBootConfiguration com.project.demo.DemoApplication for test class com.project.demo.DemoApplicationTests

  .   ____          _            __ _ _
 /\\ / ___'_ __ _ _(_)_ __  __ _ \ \ \ \
( ( )\___ | '_ | '_| | '_ \/ _` | \ \ \ \
 \\/  ___)| |_)| | | | | || (_| |  ) ) ) )
  '  |____| .__|_| |_|_| |_\__, | / / / /
 =========|_|==============|___/=/_/_/_/
 :: Spring Boot ::                (v3.2.5)

2025-07-02T21:52:09.808-06:00  INFO 25064 --- [demo] [    Test worker] com.project.demo.DemoApplicationTests    : Starting DemoApplicationTests using Java 21.0.2 with PID 25064 (started by Javier in D:\GitHub\Proyecto-3\Proyecto-CodeCrafters\CodeCrafters-BackEnd)
2025-07-02T21:52:09.810-06:00  INFO 25064 --- [demo] [    Test worker] com.project.demo.DemoApplicationTests    : No active profile set, falling back to 1 default profile: "default"
2025-07-02T21:52:10.398-06:00  INFO 25064 --- [demo] [    Test worker] .s.d.r.c.RepositoryConfigurationDelegate : Bootstrapping Spring Data JPA repositories in DEFAULT mode.
2025-07-02T21:52:10.446-06:00  INFO 25064 --- [demo] [    Test worker] .s.d.r.c.RepositoryConfigurationDelegate : Finished Spring Data repository scanning in 41 ms. Found 2 JPA repository interfaces.
2025-07-02T21:52:11.087-06:00  INFO 25064 --- [demo] [    Test worker] o.hibernate.jpa.internal.util.LogHelper  : HHH000204: Processing PersistenceUnitInfo [name: default]
2025-07-02T21:52:11.325-06:00  INFO 25064 --- [demo] [    Test worker] org.hibernate.Version                    : HHH000412: Hibernate ORM core version 6.4.4.Final
2025-07-02T21:52:11.407-06:00  INFO 25064 --- [demo] [    Test worker] o.h.c.internal.RegionFactoryInitiator    : HHH000026: Second-level cache disabled
2025-07-02T21:52:11.600-06:00  INFO 25064 --- [demo] [    Test worker] o.s.o.j.p.SpringPersistenceUnitInfo      : No LoadTimeWeaver setup: ignoring JPA class transformer
2025-07-02T21:52:11.626-06:00  INFO 25064 --- [demo] [    Test worker] com.zaxxer.hikari.HikariDataSource       : HikariPool-1 - Starting...
2025-07-02T21:52:11.723-06:00  INFO 25064 --- [demo] [    Test worker] com.zaxxer.hikari.pool.HikariPool        : HikariPool-1 - Added connection org.mariadb.jdbc.Connection@5f3f3d00
2025-07-02T21:52:11.725-06:00  INFO 25064 --- [demo] [    Test worker] com.zaxxer.hikari.HikariDataSource       : HikariPool-1 - Start completed.
2025-07-02T21:52:11.747-06:00  WARN 25064 --- [demo] [    Test worker] org.hibernate.orm.deprecation            : HHH90000025: MariaDBDialect does not need to be specified explicitly using 'hibernate.dialect' (remove the property setting and it will be selected by default)
2025-07-02T21:52:12.381-06:00  INFO 25064 --- [demo] [    Test worker] o.h.e.t.j.p.i.JtaPlatformInitiator       : HHH000489: No JTA platform available (set 'hibernate.transaction.jta.platform' to enable JTA platform integration)
2025-07-02T21:52:12.423-06:00  INFO 25064 --- [demo] [    Test worker] j.LocalContainerEntityManagerFactoryBean : Initialized JPA EntityManagerFactory for persistence unit 'default'
2025-07-02T21:52:12.764-06:00  INFO 25064 --- [demo] [    Test worker] o.s.d.j.r.query.QueryEnhancerFactory     : Hibernate is in classpath; If applicable, HQL parser will be used.
2025-07-02T21:52:13.379-06:00  WARN 25064 --- [demo] [    Test worker] JpaBaseConfiguration$JpaWebConfiguration : spring.jpa.open-in-view is enabled by default. Therefore, database queries may be performed during view rendering. Explicitly configure spring.jpa.open-in-view to disable this warning
2025-07-02T21:52:14.039-06:00  INFO 25064 --- [demo] [    Test worker] o.s.s.web.DefaultSecurityFilterChain     : Will secure any request with [org.springframework.security.web.session.DisableEncodeUrlFilter@2d7fe300, org.springframework.security.web.context.request.async.WebAsyncManagerIntegrationFilter@75375bb0, org.springframework.security.web.context.SecurityContextHolderFilter@1440a166, org.springframework.security.web.header.HeaderWriterFilter@2f803d8, org.springframework.web.filter.CorsFilter@792bf78a, org.springframework.security.web.authentication.logout.LogoutFilter@35d8a046, com.project.demo.logic.entity.auth.JwtAuthenticationFilter@33ea437a, org.springframework.security.web.savedrequest.RequestCacheAwareFilter@50e7f88b, org.springframework.security.web.servletapi.SecurityContextHolderAwareRequestFilter@7a461744, org.springframework.security.web.authentication.AnonymousAuthenticationFilter@22b8eaf0, org.springframework.security.web.session.SessionManagementFilter@34f4fd04, org.springframework.security.web.access.ExceptionTranslationFilter@7e544223, org.springframework.security.web.access.intercept.AuthorizationFilter@31fd3db2]
Hibernate: select r1_0.id,r1_0.created_at,r1_0.description,r1_0.name,r1_0.updated_at from rol r1_0 where r1_0.name=?
Hibernate: select u1_0.id,u1_0.created_at,u1_0.email,u1_0.lastname,u1_0.name,u1_0.password,u1_0.role_id,u1_0.updated_at from user u1_0 where u1_0.email=?
Hibernate: select r1_0.id,r1_0.created_at,r1_0.description,r1_0.name,r1_0.updated_at from rol r1_0 where r1_0.id=?
Hibernate: select r1_0.id,r1_0.created_at,r1_0.description,r1_0.name,r1_0.updated_at from rol r1_0 where r1_0.name=?
com.project.demo.logic.entity.rol.Role@2cb3bc0e
Hibernate: select r1_0.id,r1_0.created_at,r1_0.description,r1_0.name,r1_0.updated_at from rol r1_0 where r1_0.name=?
com.project.demo.logic.entity.rol.Role@22d82fe8
Hibernate: select r1_0.id,r1_0.created_at,r1_0.description,r1_0.name,r1_0.updated_at from rol r1_0 where r1_0.name=?
com.project.demo.logic.entity.rol.Role@11e8e183
2025-07-02T21:52:14.762-06:00  INFO 25064 --- [demo] [    Test worker] com.project.demo.DemoApplicationTests    : Started DemoApplicationTests in 5.136 seconds (process running for 6.083)
]]></system-out>
  <system-err><![CDATA[WARNING: A Java agent has been loaded dynamically (C:\Users\Javier\.gradle\caches\modules-2\files-2.1\net.bytebuddy\byte-buddy-agent\1.14.13\979ce25f7d3096a2e82214ba7dc972a05ce7a171\byte-buddy-agent-1.14.13.jar)
WARNING: If a serviceability tool is in use, please run with -XX:+EnableDynamicAgentLoading to hide this warning
WARNING: If a serviceability tool is not in use, please run with -Djdk.instrument.traceUsage for more information
WARNING: Dynamic loading of agents will be disallowed by default in a future release
]]></system-err>
</testsuite>
