<?xml version="1.0" encoding="UTF-8"?>
<testsuite name="com.project.demo.DemoApplicationTests" tests="1" skipped="0" failures="0" errors="0" timestamp="2025-07-15T17:52:35.607Z" hostname="Javier" time="0.142">
  <properties/>
  <testcase name="basicTest()" classname="com.project.demo.DemoApplicationTests" time="0.142"/>
  <system-out><![CDATA[]]></system-out>
  <system-err><![CDATA[]]></system-err>
</testsuite>
