<?xml version="1.0" encoding="UTF-8"?>
<testsuite name="com.project.demo.DemoApplicationTests" tests="1" skipped="0" failures="0" errors="0" timestamp="2025-07-04T06:19:50" hostname="JAVIER" time="0.432">
  <properties/>
  <testcase name="contextLoads()" classname="com.project.demo.DemoApplicationTests" time="0.432"/>
  <system-out><![CDATA[00:19:44.593 [Test worker] INFO org.springframework.test.context.support.AnnotationConfigContextLoaderUtils -- Could not detect default configuration classes for test class [com.project.demo.DemoApplicationTests]: DemoApplicationTests does not declare any static, non-private, non-final, nested classes annotated with @Configuration.
00:19:44.676 [Test worker] INFO org.springframework.boot.test.context.SpringBootTestContextBootstrapper -- Found @SpringBootConfiguration com.project.demo.DemoApplication for test class com.project.demo.DemoApplicationTests

  .   ____          _            __ _ _
 /\\ / ___'_ __ _ _(_)_ __  __ _ \ \ \ \
( ( )\___ | '_ | '_| | '_ \/ _` | \ \ \ \
 \\/  ___)| |_)| | | | | || (_| |  ) ) ) )
  '  |____| .__|_| |_|_| |_\__, | / / / /
 =========|_|==============|___/=/_/_/_/
 :: Spring Boot ::                (v3.2.5)

2025-07-04T00:19:44.982-06:00  INFO 8800 --- [demo] [    Test worker] com.project.demo.DemoApplicationTests    : Starting DemoApplicationTests using Java 21.0.2 with PID 8800 (started by Javier in D:\GitHub\Proyecto-3\Proyecto-CodeCrafters\CodeCrafters-BackEnd)
2025-07-04T00:19:44.983-06:00  INFO 8800 --- [demo] [    Test worker] com.project.demo.DemoApplicationTests    : No active profile set, falling back to 1 default profile: "default"
2025-07-04T00:19:45.545-06:00  INFO 8800 --- [demo] [    Test worker] .s.d.r.c.RepositoryConfigurationDelegate : Bootstrapping Spring Data JPA repositories in DEFAULT mode.
2025-07-04T00:19:45.605-06:00  INFO 8800 --- [demo] [    Test worker] .s.d.r.c.RepositoryConfigurationDelegate : Finished Spring Data repository scanning in 51 ms. Found 3 JPA repository interfaces.
2025-07-04T00:19:46.184-06:00  INFO 8800 --- [demo] [    Test worker] o.hibernate.jpa.internal.util.LogHelper  : HHH000204: Processing PersistenceUnitInfo [name: default]
2025-07-04T00:19:46.428-06:00  INFO 8800 --- [demo] [    Test worker] org.hibernate.Version                    : HHH000412: Hibernate ORM core version 6.4.4.Final
2025-07-04T00:19:46.526-06:00  INFO 8800 --- [demo] [    Test worker] o.h.c.internal.RegionFactoryInitiator    : HHH000026: Second-level cache disabled
2025-07-04T00:19:46.735-06:00  INFO 8800 --- [demo] [    Test worker] o.s.o.j.p.SpringPersistenceUnitInfo      : No LoadTimeWeaver setup: ignoring JPA class transformer
2025-07-04T00:19:46.762-06:00  INFO 8800 --- [demo] [    Test worker] com.zaxxer.hikari.HikariDataSource       : HikariPool-1 - Starting...
2025-07-04T00:19:46.857-06:00  INFO 8800 --- [demo] [    Test worker] com.zaxxer.hikari.pool.HikariPool        : HikariPool-1 - Added connection org.mariadb.jdbc.Connection@1e29a81a
2025-07-04T00:19:46.859-06:00  INFO 8800 --- [demo] [    Test worker] com.zaxxer.hikari.HikariDataSource       : HikariPool-1 - Start completed.
2025-07-04T00:19:46.882-06:00  WARN 8800 --- [demo] [    Test worker] org.hibernate.orm.deprecation            : HHH90000025: MariaDBDialect does not need to be specified explicitly using 'hibernate.dialect' (remove the property setting and it will be selected by default)
2025-07-04T00:19:47.829-06:00  INFO 8800 --- [demo] [    Test worker] o.h.e.t.j.p.i.JtaPlatformInitiator       : HHH000489: No JTA platform available (set 'hibernate.transaction.jta.platform' to enable JTA platform integration)
2025-07-04T00:19:47.901-06:00  INFO 8800 --- [demo] [    Test worker] j.LocalContainerEntityManagerFactoryBean : Initialized JPA EntityManagerFactory for persistence unit 'default'
2025-07-04T00:19:48.409-06:00  INFO 8800 --- [demo] [    Test worker] o.s.d.j.r.query.QueryEnhancerFactory     : Hibernate is in classpath; If applicable, HQL parser will be used.
2025-07-04T00:19:48.947-06:00  WARN 8800 --- [demo] [    Test worker] JpaBaseConfiguration$JpaWebConfiguration : spring.jpa.open-in-view is enabled by default. Therefore, database queries may be performed during view rendering. Explicitly configure spring.jpa.open-in-view to disable this warning
2025-07-04T00:19:49.686-06:00  INFO 8800 --- [demo] [    Test worker] o.s.s.web.DefaultSecurityFilterChain     : Will secure any request with [org.springframework.security.web.session.DisableEncodeUrlFilter@1f6865ca, org.springframework.security.web.context.request.async.WebAsyncManagerIntegrationFilter@6044311a, org.springframework.security.web.context.SecurityContextHolderFilter@bec2d81, org.springframework.security.web.header.HeaderWriterFilter@5a69f1ef, org.springframework.web.filter.CorsFilter@5e83badc, org.springframework.security.web.authentication.logout.LogoutFilter@2cf7860e, com.project.demo.logic.entity.auth.JwtAuthenticationFilter@400cb9ef, org.springframework.security.web.savedrequest.RequestCacheAwareFilter@5634c26c, org.springframework.security.web.servletapi.SecurityContextHolderAwareRequestFilter@37a5ac85, org.springframework.security.web.authentication.AnonymousAuthenticationFilter@7416b560, org.springframework.security.web.session.SessionManagementFilter@3a1dc432, org.springframework.security.web.access.ExceptionTranslationFilter@5c4f07c1, org.springframework.security.web.access.intercept.AuthorizationFilter@4936dca9]
Hibernate: select r1_0.id,r1_0.created_at,r1_0.description,r1_0.name,r1_0.updated_at from roles r1_0 where r1_0.name=?
com.project.demo.logic.entity.auth.Role@ed110d6
Hibernate: select r1_0.id,r1_0.created_at,r1_0.description,r1_0.name,r1_0.updated_at from roles r1_0 where r1_0.name=?
com.project.demo.logic.entity.auth.Role@772a370d
Hibernate: select r1_0.id,r1_0.created_at,r1_0.description,r1_0.name,r1_0.updated_at from roles r1_0 where r1_0.name=?
Hibernate: select u1_0.id,u1_0.email,u1_0.lastname,u1_0.level_id,u1_0.name,u1_0.password,u1_0.role_id,u1_0.settings_id from users u1_0 where u1_0.email=?
Hibernate: select r1_0.id,r1_0.created_at,r1_0.description,r1_0.name,r1_0.updated_at from roles r1_0 where r1_0.id=?
Hibernate: select r1_0.id,r1_0.created_at,r1_0.description,r1_0.name,r1_0.updated_at from roles r1_0 where r1_0.name=?
Hibernate: select u1_0.id,u1_0.email,u1_0.lastname,u1_0.level_id,u1_0.name,u1_0.password,u1_0.role_id,u1_0.settings_id from users u1_0 where u1_0.email=?
Hibernate: select r1_0.id,r1_0.created_at,r1_0.description,r1_0.name,r1_0.updated_at from roles r1_0 where r1_0.id=?
2025-07-04T00:19:50.285-06:00  INFO 8800 --- [demo] [    Test worker] com.project.demo.DemoApplicationTests    : Started DemoApplicationTests in 5.472 seconds (process running for 6.381)
]]></system-out>
  <system-err><![CDATA[WARNING: A Java agent has been loaded dynamically (C:\Users\Javier\.gradle\caches\modules-2\files-2.1\net.bytebuddy\byte-buddy-agent\1.14.13\979ce25f7d3096a2e82214ba7dc972a05ce7a171\byte-buddy-agent-1.14.13.jar)
WARNING: If a serviceability tool is in use, please run with -XX:+EnableDynamicAgentLoading to hide this warning
WARNING: If a serviceability tool is not in use, please run with -Djdk.instrument.traceUsage for more information
WARNING: Dynamic loading of agents will be disallowed by default in a future release
]]></system-err>
</testsuite>
